<?xml version="1.0" encoding="UTF-8"?>
<!-- Generated by org.testng.reporters.JUnitReportReporter -->
<testsuite hostname="BABHAL-PC" name="com.mycompany.app.AssignmentTwo" tests="1" failures="0" timestamp="13 Feb 2019 07:31:40 GMT" time="49.413" errors="0">
  <testcase name="swiftMalyasiaBankNamesAndCodes" time="49.413" classname="com.mycompany.app.AssignmentTwo"/>
</testsuite> <!-- com.mycompany.app.AssignmentTwo -->
