<?xml version="1.0" encoding="UTF-8"?>
<!-- Generated by org.testng.reporters.JUnitReportReporter -->
<testsuite hostname="BABHAL-PC" name="com.mycompany.app.AssignmentOne" tests="1" failures="0" timestamp="13 Feb 2019 08:38:36 GMT" time="43.502" errors="0">
  <testcase name="amazonListOfProductImage" time="43.502" classname="com.mycompany.app.AssignmentOne"/>
</testsuite> <!-- com.mycompany.app.AssignmentOne -->
